<?xml version="1.0" encoding="UTF-8"?>
<!-- Generated by org.testng.reporters.JUnitReportReporter -->
<testsuite skipped="0" hostname="DESKTOP-M9HHM5I" name="TakeHomeUI.TakeHome.LoginTest" tests="1" failures="0" timestamp="2022-04-06T12:53:59 CDT" time="15.927" errors="0">
  <testcase name="searchPage" time="15.927" classname="TakeHomeUI.TakeHome.LoginTest"/>
  <system-out/>
</testsuite> <!-- TakeHomeUI.TakeHome.LoginTest -->
