<?xml version="1.0" encoding="UTF-8"?>
<!-- Generated by org.testng.reporters.JUnitReportReporter -->
<testsuite skipped="0" hostname="DESKTOP-M9HHM5I" name="SearchProduct" tests="3" failures="0" timestamp="2022-04-08T17:57:14 CDT" time="31.159" errors="0">
  <testcase name="verifyTheCart" time="0.355" classname="SearchProduct"/>
  <system-out/>
  <testcase name="goToProductPage" time="28.799" classname="SearchProduct"/>
  <system-out/>
  <testcase name="searchTheProduct" time="2.005" classname="SearchProduct"/>
  <system-out/>
</testsuite> <!-- SearchProduct -->
