<?xml version="1.0" encoding="UTF-8"?>
<!-- Generated by org.testng.reporters.JUnitReportReporter -->
<testsuite skipped="0" hostname="DESKTOP-M9HHM5I" name="TakeHomeUI.TakeHome.SearchProduct" tests="3" failures="0" timestamp="2022-04-07T11:41:04 CDT" time="21.135" errors="0">
  <testcase name="goToProductPage" time="17.935" classname="TakeHomeUI.TakeHome.SearchProduct"/>
  <system-out/>
  <testcase name="verifyTheCart" time="0.106" classname="TakeHomeUI.TakeHome.SearchProduct"/>
  <system-out/>
  <testcase name="searchTheProduct" time="3.094" classname="TakeHomeUI.TakeHome.SearchProduct"/>
  <system-out/>
</testsuite> <!-- TakeHomeUI.TakeHome.SearchProduct -->
